Note:
1.Put perl in your PATH
2.Need perl module: Getopt::Long; FindBin; File::Basename; Parallel::ForkManager
3.executable: chmod 755 *

20191023_script
更新日志：
1.改进算法
2.可以指定只做某个水平的库
3.压缩基因组酶切文件


20191109_script
更新日志:
EeTt.pl：
	1.将原enzyme.pl脚本替换为EeTt.pl
	2.该脚本具备4个功能：1）对基因组电子酶切；2）对shotgun数据质控电子酶切；3）单标签2b数据质控拆分；4）五标签2b数据质控拆分
	3.该脚本输入格式更改，对不同功能参数检测更加完善
	4.加入AllEnzyme酶切位点
	5.对于Hin4I这类酶，酶切后会存在冗余。对单标签和五标签拆分修复：匹配到第一种酶切位点后退出循环 20191110
	6.基因组电子酶切和shotgun电子酶切（多酶切）：剔除起始终止位置相同的冗余标签 20191110
makedatabase.pl：
	1.由原uniq.pl脚本更名为makedatabase.pl
	2.该脚本调用电子酶切脚本由enzyme.pl更换为EeTt.pl
	3.对每个基因组各水平标签进行去冗余
	4.加入AllEnzyme酶切位点
	5.删除基因组酶切文件

已知bug：
EeTt.pl：
	1.只能对四种酶（BcgI/BsaXI/FalI/BaeI）五标签数据进行拆分，该部分会在下版进行更新

20191113_script
更新日志:
Calculate_Tag_Percent.pl：
	1.对定量脚本Calculate_Tag_Percent.v5.pl升级
	2.接收待检测样品列表
	3.需指定酶和数据库路径，自动去数据库搜索相关库文件
	4.样品每个种每个标签数默认开启
	5.G_Score默认值改为0
calculate_combine.pl：
	1.新增脚本，用来整合不同酶定量结果，给出新的结果

20191115_script
更新日志:
所有脚本默认参数改到get option之前，这样可以传递0参数
EeTt.pl:
	1.264行$$ncount 改为 $ncount 【bug】
Calculate_Tag_Percent.pl：
	1.G_Score默认值改为5，可以接收-g 0参数
calculate_combine.pl:
	1.Corrected_Sequenced_Tag_Num和Corrected_Sequenced_Reads_Num计算进行调整：根据所有酶鉴定结果的每个物种的每个标签深度 剔除制定深度后计算出平均值，然后在剔除平均值下的标签，在计算标签数和reads数作为校正值
	2.矫正计算增加比例参数-a，矫正阈值：剔除低深度标签后的标签平均值*比例

20191120_release
更新日志:
EeTt.pl:
	1.删除所有酶一起酶切参数
	2.shotgun 酶切模块增加可接受PE测序reads
	3.单标签拆分模块 添加长度判断
makedatabase.pl:
	1.建库结果目录结构进行调整
	2.删除含有冗余标签的结果，删除酶切结果文件
	3.删除全酶切建库
	4.删除建库过程中产生的酶切结果
Calculate_Tag_Percent.pl:
	1.剔除-r（remove min depth tag）参数，剔除校正结果
	2.加入参数-m，便于pipline调用命名文件夹（主要区分定性和精细定量），单独使用不需要用该参数
calculate_combine.pl：
	1.数据回归简单合并，-s 17为自动检测已使用酶定量结果并进行合并
	2.并添加注释信息
shotgun_pip.pl:
	1.搭建shotgun多样品分析pipline：shotgun酶切->定性->精细定量

20191125_release
更新日志:
Calculate_Tag_Percent.pl:
	1.理论标签数改为同种所有株的平均数
makedatabase.pl:
	1.保留rebundance数据库并作为定量库
shotgun_pip.pl:
	1.根据定性结果选取一个种的所有基因组进行重建库做定量

20200108_release
更新日志：
Calculate_Tag_Percent.qualitative.pl:
	1.新增脚本，定性结果输出鉴定到的GCF号，以及该GCF理论unique标签数和测到的标签数
shotgun_pip.pl：
	1.临时脚本，可以使用定性给出的GCF，进行重建库，做定量

20200112_release
更新日志：
Calculate_Tag_Percent.qualitative.pl：
	1.可对不同水平进行鉴定
	2.输出深度>1x的标签数目
	3.脚本名改为Calculate_Tag_Percent.pl
shotgun_pip.pl：
	1.增加定性可指定鉴定水平，定量可指定鉴定水平
	2.暂时只支持定性定量使用同一种酶

20200120_release:
更新日志：
calculate_combine.pl:
	1.升级合并不同水平的鉴定结果
shotgun_pip.pl：
	1.支持定性定量可以使用任意一种酶或多种酶


20200301_release:
更新日志：
本次更新核心算法未进行升级
EeTt.pl：
	1.增加数据量统计；
	2.五标签可使用样品命名；
	3.程序中参数检查部分完善；增加脚本注释
	4.增加所有酶切五标签拆分范围，其中BslFI有点问题，好像不是IIB类型酶
makedatabase.pl：
	1.删除酶切结果；
	2.增加脚本注释；
	3.增加输出非冗余数据库参数，但是不对外展示
Calculate_Tag_Percent.pl：
	1.修改一个容易误解的值 Sequenced_Tag_Num>2 改为 Sequenced_Tag_Num(depth>1)
	2.增加注释
calculate_combine.pl:
	1.增加注释
	2.调整gscore默认阈值
	3.删除数据库调用
shotgun_pip.pl:
	1.更名为pipline.pl；
	2.增加注释；
	3.修改读取数据库anno，现在可进行种水平定性和株水平定量分析（上个版本存在bug，定性定量必须同一个水平）；
	4.增加2b单标签/五标签和fa类型文件输入；
	5.支持只批量酶切；
	6.支持批量酶切和定性；
	7.支持批量酶切、定性和定量；
	8.如果先进行了酶切和定性，确定了阈值，可只进行定量分析;
	9.删除样品构建的小数据库
其他更新：
	1.添加了算法/脚本编写说明文档：“2b微生物流程sop.docx”。
	2.添加了流程图“2b微生物流程图.png”-孙政提供。























